<?xml version="1.0" encoding="UTF-8"?>
<!-- Generated by org.testng.reporters.JUnitReportReporter -->
<testsuite skipped="0" hostname="SHALT0158" name="Myappium.tstng" tests="1" failures="0" timestamp="28 Feb 2018 04:55:50 GMT" time="0.004" errors="0">
  <testcase name="test001" time="0.004" classname="Myappium.tstng"/>
</testsuite> <!-- Myappium.tstng -->
